<?xml version="1.0" encoding="UTF-8"?>
<!-- Generated by org.testng.reporters.JUnitReportReporter -->
<testsuite hostname="MF-XA8PSb7RfHqZ" failures="0" tests="6" name="qa.netiq.tests.PageTest2" time="15.103" errors="0" timestamp="2023-03-15T21:03:16 IST" skipped="0">
  <testcase classname="qa.netiq.tests.PageTest2" name="schemaPageTest" time="2.828"/>
  <system-out/>
  <testcase classname="qa.netiq.tests.PageTest2" name="auditingPageTest" time="2.382"/>
  <system-out/>
  <testcase classname="qa.netiq.tests.PageTest2" name="encryptedAttributesPageTest" time="2.672"/>
  <system-out/>
  <testcase classname="qa.netiq.tests.PageTest2" name="encryptedReplicationPageTest" time="2.361"/>
  <system-out/>
  <testcase classname="qa.netiq.tests.PageTest2" name="dnManagementPageTest" time="2.421"/>
  <system-out/>
  <testcase classname="qa.netiq.tests.PageTest2" name="partitionManagementTest" time="2.439"/>
  <system-out/>
</testsuite> <!-- qa.netiq.tests.PageTest2 -->
