<?xml version="1.0" encoding="UTF-8"?>
<!-- Generated by org.testng.reporters.JUnitReportReporter -->
<testsuite hostname="MF-k8O8XdziTths" failures="0" tests="7" name="qa.netiq.tests.PageTest3" time="12.694" errors="7" timestamp="2023-03-16T11:53:33 IST" skipped="0">
  <testcase classname="qa.netiq.tests.PageTest3" name="logout" time="2.018">
    <error message="Error {
  message=&#039;Target page, context or browser has been closed
  name=&#039;Error
  stack=&#039;Error: Target page, context or browser has been closed
    at DispatcherConnection.dispatch (C:\Users\BV\AppData\Local\Temp\playwright-java-8960781713774761833\package\lib\server\dispatchers\dispatcher.js:232:49)
    at transport.onmessage (C:\Users\BV\AppData\Local\Temp\playwright-java-8960781713774761833\package\lib\cli\driver.js:50:57)
    at Immediate._onImmediate (C:\Users\BV\AppData\Local\Temp\playwright-java-8960781713774761833\package\lib\protocol\transport.js:77:34)
    at process.processImmediate (node:internal/timers:476:21)
}" type="com.microsoft.playwright.PlaywrightException">
      <![CDATA[com.microsoft.playwright.PlaywrightException: Error {
  message='Target page, context or browser has been closed
  name='Error
  stack='Error: Target page, context or browser has been closed
    at DispatcherConnection.dispatch (C:\Users\BV\AppData\Local\Temp\playwright-java-8960781713774761833\package\lib\server\dispatchers\dispatcher.js:232:49)
    at transport.onmessage (C:\Users\BV\AppData\Local\Temp\playwright-java-8960781713774761833\package\lib\cli\driver.js:50:57)
    at Immediate._onImmediate (C:\Users\BV\AppData\Local\Temp\playwright-java-8960781713774761833\package\lib\protocol\transport.js:77:34)
    at process.processImmediate (node:internal/timers:476:21)
}
at com.microsoft.playwright.impl.WaitableResult.get(WaitableResult.java:54)
at com.microsoft.playwright.impl.ChannelOwner.runUntil(ChannelOwner.java:111)
at com.microsoft.playwright.impl.Connection.sendMessage(Connection.java:119)
at com.microsoft.playwright.impl.ChannelOwner.sendMessage(ChannelOwner.java:102)
at com.microsoft.playwright.impl.FrameImpl.clickImpl(FrameImpl.java:252)
at com.microsoft.playwright.impl.FrameImpl.lambda$click$8(FrameImpl.java:243)
at com.microsoft.playwright.impl.LoggingSupport.lambda$withLogging$0(LoggingSupport.java:36)
at com.microsoft.playwright.impl.LoggingSupport.withLogging(LoggingSupport.java:47)
at com.microsoft.playwright.impl.ChannelOwner.withLogging(ChannelOwner.java:87)
at com.microsoft.playwright.impl.LoggingSupport.withLogging(LoggingSupport.java:35)
at com.microsoft.playwright.impl.FrameImpl.click(FrameImpl.java:243)
at com.microsoft.playwright.impl.LocatorImpl.click(LocatorImpl.java:123)
at com.microsoft.playwright.Locator.click(Locator.java:2183)
at qa.netiq.base.BaseTest.logout(BaseTest.java:34)
at java.base/jdk.internal.reflect.NativeMethodAccessorImpl.invoke0(Native Method)
at java.base/jdk.internal.reflect.NativeMethodAccessorImpl.invoke(NativeMethodAccessorImpl.java:77)
at java.base/jdk.internal.reflect.DelegatingMethodAccessorImpl.invoke(DelegatingMethodAccessorImpl.java:43)
at java.base/java.lang.reflect.Method.invoke(Method.java:568)
at org.testng.internal.MethodInvocationHelper.invokeMethod(MethodInvocationHelper.java:133)
at org.testng.internal.MethodInvocationHelper.invokeMethodConsideringTimeout(MethodInvocationHelper.java:62)
at org.testng.internal.ConfigInvoker.invokeConfigurationMethod(ConfigInvoker.java:385)
at org.testng.internal.ConfigInvoker.invokeConfigurations(ConfigInvoker.java:321)
at org.testng.SuiteRunner.privateRun(SuiteRunner.java:344)
at org.testng.SuiteRunner.run(SuiteRunner.java:276)
at org.testng.SuiteRunnerWorker.runSuite(SuiteRunnerWorker.java:53)
at org.testng.SuiteRunnerWorker.run(SuiteRunnerWorker.java:96)
at org.testng.TestNG.runSuitesSequentially(TestNG.java:1212)
at org.testng.TestNG.runSuitesLocally(TestNG.java:1134)
at org.testng.TestNG.runSuites(TestNG.java:1063)
at org.testng.TestNG.run(TestNG.java:1031)
at org.testng.remote.AbstractRemoteTestNG.run(AbstractRemoteTestNG.java:115)
at org.testng.remote.RemoteTestNG.initAndRun(RemoteTestNG.java:251)
at org.testng.remote.RemoteTestNG.main(RemoteTestNG.java:77)
Caused by: com.microsoft.playwright.impl.DriverException: Error {
  message='Target page, context or browser has been closed
  name='Error
  stack='Error: Target page, context or browser has been closed
    at DispatcherConnection.dispatch (C:\Users\BV\AppData\Local\Temp\playwright-java-8960781713774761833\package\lib\server\dispatchers\dispatcher.js:232:49)
    at transport.onmessage (C:\Users\BV\AppData\Local\Temp\playwright-java-8960781713774761833\package\lib\cli\driver.js:50:57)
    at Immediate._onImmediate (C:\Users\BV\AppData\Local\Temp\playwright-java-8960781713774761833\package\lib\protocol\transport.js:77:34)
    at process.processImmediate (node:internal/timers:476:21)
}
at com.microsoft.playwright.impl.Connection.dispatch(Connection.java:201)
at com.microsoft.playwright.impl.Connection.processOneMessage(Connection.java:181)
at com.microsoft.playwright.impl.ChannelOwner.runUntil(ChannelOwner.java:109)
... 31 more
]]>
    </error>
  </testcase> <!-- logout -->
  <system-out/>
  <testcase classname="qa.netiq.tests.PageTest3" name="IndexManagementTest" time="10.580">
    <error message="Error {
  message=&#039;Target closed
=========================== logs ===========================
waiting for locator(&quot;button[title=\&quot;Cancel\&quot;]&quot;)
============================================================
  name=&#039;Error
  stack=&#039;Error: Target closed
=========================== logs ===========================
waiting for locator(&quot;button[title=\&quot;Cancel\&quot;]&quot;)
============================================================
    at CRSession.send (C:\Users\BV\AppData\Local\Temp\playwright-java-8960781713774761833\package\lib\server\chromium\crConnection.js:163:34)
    at CRExecutionContext.evaluateWithArguments (C:\Users\BV\AppData\Local\Temp\playwright-java-8960781713774761833\package\lib\server\chromium\crExecutionContext.js:78:28)
    at FrameExecutionContext.evaluateWithArguments (C:\Users\BV\AppData\Local\Temp\playwright-java-8960781713774761833\package\lib\server\javascript.js:62:61)
    at evaluateExpression (C:\Users\BV\AppData\Local\Temp\playwright-java-8960781713774761833\package\lib\server\javascript.js:220:26)
    at async C:\Users\BV\AppData\Local\Temp\playwright-java-8960781713774761833\package\lib\server\frames.js:957:22
    at async Frame.retryWithProgressAndTimeouts (C:\Users\BV\AppData\Local\Temp\playwright-java-8960781713774761833\package\lib\server\frames.js:914:24)
    at async C:\Users\BV\AppData\Local\Temp\playwright-java-8960781713774761833\package\lib\server\frames.js:1012:29
    at async ProgressController.run (C:\Users\BV\AppData\Local\Temp\playwright-java-8960781713774761833\package\lib\server\progress.js:92:22)
    at async FrameDispatcher.click (C:\Users\BV\AppData\Local\Temp\playwright-java-8960781713774761833\package\lib\server\dispatchers\frameDispatcher.js:149:12)
    at async DispatcherConnection.dispatch (C:\Users\BV\AppData\Local\Temp\playwright-java-8960781713774761833\package\lib\server\dispatchers\dispatcher.js:319:22)
}" type="com.microsoft.playwright.PlaywrightException">
      <![CDATA[com.microsoft.playwright.PlaywrightException: Error {
  message='Target closed
=========================== logs ===========================
waiting for locator("button[title=\"Cancel\"]")
============================================================
  name='Error
  stack='Error: Target closed
=========================== logs ===========================
waiting for locator("button[title=\"Cancel\"]")
============================================================
    at CRSession.send (C:\Users\BV\AppData\Local\Temp\playwright-java-8960781713774761833\package\lib\server\chromium\crConnection.js:163:34)
    at CRExecutionContext.evaluateWithArguments (C:\Users\BV\AppData\Local\Temp\playwright-java-8960781713774761833\package\lib\server\chromium\crExecutionContext.js:78:28)
    at FrameExecutionContext.evaluateWithArguments (C:\Users\BV\AppData\Local\Temp\playwright-java-8960781713774761833\package\lib\server\javascript.js:62:61)
    at evaluateExpression (C:\Users\BV\AppData\Local\Temp\playwright-java-8960781713774761833\package\lib\server\javascript.js:220:26)
    at async C:\Users\BV\AppData\Local\Temp\playwright-java-8960781713774761833\package\lib\server\frames.js:957:22
    at async Frame.retryWithProgressAndTimeouts (C:\Users\BV\AppData\Local\Temp\playwright-java-8960781713774761833\package\lib\server\frames.js:914:24)
    at async C:\Users\BV\AppData\Local\Temp\playwright-java-8960781713774761833\package\lib\server\frames.js:1012:29
    at async ProgressController.run (C:\Users\BV\AppData\Local\Temp\playwright-java-8960781713774761833\package\lib\server\progress.js:92:22)
    at async FrameDispatcher.click (C:\Users\BV\AppData\Local\Temp\playwright-java-8960781713774761833\package\lib\server\dispatchers\frameDispatcher.js:149:12)
    at async DispatcherConnection.dispatch (C:\Users\BV\AppData\Local\Temp\playwright-java-8960781713774761833\package\lib\server\dispatchers\dispatcher.js:319:22)
}
at com.microsoft.playwright.impl.WaitableResult.get(WaitableResult.java:54)
at com.microsoft.playwright.impl.ChannelOwner.runUntil(ChannelOwner.java:111)
at com.microsoft.playwright.impl.Connection.sendMessage(Connection.java:119)
at com.microsoft.playwright.impl.ChannelOwner.sendMessage(ChannelOwner.java:102)
at com.microsoft.playwright.impl.FrameImpl.clickImpl(FrameImpl.java:252)
at com.microsoft.playwright.impl.PageImpl.lambda$click$17(PageImpl.java:600)
at com.microsoft.playwright.impl.LoggingSupport.lambda$withLogging$0(LoggingSupport.java:36)
at com.microsoft.playwright.impl.LoggingSupport.withLogging(LoggingSupport.java:47)
at com.microsoft.playwright.impl.ChannelOwner.withLogging(ChannelOwner.java:87)
at com.microsoft.playwright.impl.LoggingSupport.withLogging(LoggingSupport.java:35)
at com.microsoft.playwright.impl.PageImpl.click(PageImpl.java:599)
at com.microsoft.playwright.Page.click(Page.java:3634)
at qa.netiq.pages.IndexManagementPage.<init>(IndexManagementPage.java:18)
at qa.netiq.tests.PageTest3.IndexManagementTest(PageTest3.java:18)
at java.base/jdk.internal.reflect.NativeMethodAccessorImpl.invoke0(Native Method)
at java.base/jdk.internal.reflect.NativeMethodAccessorImpl.invoke(NativeMethodAccessorImpl.java:77)
at java.base/jdk.internal.reflect.DelegatingMethodAccessorImpl.invoke(DelegatingMethodAccessorImpl.java:43)
at java.base/java.lang.reflect.Method.invoke(Method.java:568)
at org.testng.internal.MethodInvocationHelper.invokeMethod(MethodInvocationHelper.java:133)
at org.testng.internal.TestInvoker.invokeMethod(TestInvoker.java:598)
at org.testng.internal.TestInvoker.invokeTestMethod(TestInvoker.java:173)
at org.testng.internal.MethodRunner.runInSequence(MethodRunner.java:46)
at org.testng.internal.TestInvoker$MethodInvocationAgent.invoke(TestInvoker.java:824)
at org.testng.internal.TestInvoker.invokeTestMethods(TestInvoker.java:146)
at org.testng.internal.TestMethodWorker.invokeTestMethods(TestMethodWorker.java:146)
at org.testng.internal.TestMethodWorker.run(TestMethodWorker.java:128)
at java.base/java.util.ArrayList.forEach(ArrayList.java:1511)
at org.testng.TestRunner.privateRun(TestRunner.java:794)
at org.testng.TestRunner.run(TestRunner.java:596)
at org.testng.SuiteRunner.runTest(SuiteRunner.java:377)
at org.testng.SuiteRunner.runSequentially(SuiteRunner.java:371)
at org.testng.SuiteRunner.privateRun(SuiteRunner.java:332)
at org.testng.SuiteRunner.run(SuiteRunner.java:276)
at org.testng.SuiteRunnerWorker.runSuite(SuiteRunnerWorker.java:53)
at org.testng.SuiteRunnerWorker.run(SuiteRunnerWorker.java:96)
at org.testng.TestNG.runSuitesSequentially(TestNG.java:1212)
at org.testng.TestNG.runSuitesLocally(TestNG.java:1134)
at org.testng.TestNG.runSuites(TestNG.java:1063)
at org.testng.TestNG.run(TestNG.java:1031)
at org.testng.remote.AbstractRemoteTestNG.run(AbstractRemoteTestNG.java:115)
at org.testng.remote.RemoteTestNG.initAndRun(RemoteTestNG.java:251)
at org.testng.remote.RemoteTestNG.main(RemoteTestNG.java:77)
Caused by: com.microsoft.playwright.impl.DriverException: Error {
  message='Target closed
=========================== logs ===========================
waiting for locator("button[title=\"Cancel\"]")
============================================================
  name='Error
  stack='Error: Target closed
=========================== logs ===========================
waiting for locator("button[title=\"Cancel\"]")
============================================================
    at CRSession.send (C:\Users\BV\AppData\Local\Temp\playwright-java-8960781713774761833\package\lib\server\chromium\crConnection.js:163:34)
    at CRExecutionContext.evaluateWithArguments (C:\Users\BV\AppData\Local\Temp\playwright-java-8960781713774761833\package\lib\server\chromium\crExecutionContext.js:78:28)
    at FrameExecutionContext.evaluateWithArguments (C:\Users\BV\AppData\Local\Temp\playwright-java-8960781713774761833\package\lib\server\javascript.js:62:61)
    at evaluateExpression (C:\Users\BV\AppData\Local\Temp\playwright-java-8960781713774761833\package\lib\server\javascript.js:220:26)
    at async C:\Users\BV\AppData\Local\Temp\playwright-java-8960781713774761833\package\lib\server\frames.js:957:22
    at async Frame.retryWithProgressAndTimeouts (C:\Users\BV\AppData\Local\Temp\playwright-java-8960781713774761833\package\lib\server\frames.js:914:24)
    at async C:\Users\BV\AppData\Local\Temp\playwright-java-8960781713774761833\package\lib\server\frames.js:1012:29
    at async ProgressController.run (C:\Users\BV\AppData\Local\Temp\playwright-java-8960781713774761833\package\lib\server\progress.js:92:22)
    at async FrameDispatcher.click (C:\Users\BV\AppData\Local\Temp\playwright-java-8960781713774761833\package\lib\server\dispatchers\frameDispatcher.js:149:12)
    at async DispatcherConnection.dispatch (C:\Users\BV\AppData\Local\Temp\playwright-java-8960781713774761833\package\lib\server\dispatchers\dispatcher.js:319:22)
}
at com.microsoft.playwright.impl.Connection.dispatch(Connection.java:201)
at com.microsoft.playwright.impl.Connection.processOneMessage(Connection.java:181)
at com.microsoft.playwright.impl.ChannelOwner.runUntil(ChannelOwner.java:109)
... 40 more
]]>
    </error>
  </testcase> <!-- IndexManagementTest -->
  <system-out/>
  <testcase classname="qa.netiq.tests.PageTest3" name="LDAPConfigurationTest" time="0.024">
    <error message="Error {
  message=&#039;Target page, context or browser has been closed
  name=&#039;Error
  stack=&#039;Error: Target page, context or browser has been closed
    at DispatcherConnection.dispatch (C:\Users\BV\AppData\Local\Temp\playwright-java-8960781713774761833\package\lib\server\dispatchers\dispatcher.js:232:49)
    at transport.onmessage (C:\Users\BV\AppData\Local\Temp\playwright-java-8960781713774761833\package\lib\cli\driver.js:50:57)
    at Immediate._onImmediate (C:\Users\BV\AppData\Local\Temp\playwright-java-8960781713774761833\package\lib\protocol\transport.js:77:34)
    at process.processImmediate (node:internal/timers:476:21)
}" type="com.microsoft.playwright.PlaywrightException">
      <![CDATA[com.microsoft.playwright.PlaywrightException: Error {
  message='Target page, context or browser has been closed
  name='Error
  stack='Error: Target page, context or browser has been closed
    at DispatcherConnection.dispatch (C:\Users\BV\AppData\Local\Temp\playwright-java-8960781713774761833\package\lib\server\dispatchers\dispatcher.js:232:49)
    at transport.onmessage (C:\Users\BV\AppData\Local\Temp\playwright-java-8960781713774761833\package\lib\cli\driver.js:50:57)
    at Immediate._onImmediate (C:\Users\BV\AppData\Local\Temp\playwright-java-8960781713774761833\package\lib\protocol\transport.js:77:34)
    at process.processImmediate (node:internal/timers:476:21)
}
at com.microsoft.playwright.impl.WaitableResult.get(WaitableResult.java:54)
at com.microsoft.playwright.impl.ChannelOwner.runUntil(ChannelOwner.java:111)
at com.microsoft.playwright.impl.Connection.sendMessage(Connection.java:119)
at com.microsoft.playwright.impl.ChannelOwner.sendMessage(ChannelOwner.java:102)
at com.microsoft.playwright.impl.FrameImpl.clickImpl(FrameImpl.java:252)
at com.microsoft.playwright.impl.PageImpl.lambda$click$17(PageImpl.java:600)
at com.microsoft.playwright.impl.LoggingSupport.lambda$withLogging$0(LoggingSupport.java:36)
at com.microsoft.playwright.impl.LoggingSupport.withLogging(LoggingSupport.java:47)
at com.microsoft.playwright.impl.ChannelOwner.withLogging(ChannelOwner.java:87)
at com.microsoft.playwright.impl.LoggingSupport.withLogging(LoggingSupport.java:35)
at com.microsoft.playwright.impl.PageImpl.click(PageImpl.java:599)
at com.microsoft.playwright.Page.click(Page.java:3634)
at qa.netiq.pages.LDAPConfigurationPage.<init>(LDAPConfigurationPage.java:19)
at qa.netiq.tests.PageTest3.LDAPConfigurationTest(PageTest3.java:26)
at java.base/jdk.internal.reflect.NativeMethodAccessorImpl.invoke0(Native Method)
at java.base/jdk.internal.reflect.NativeMethodAccessorImpl.invoke(NativeMethodAccessorImpl.java:77)
at java.base/jdk.internal.reflect.DelegatingMethodAccessorImpl.invoke(DelegatingMethodAccessorImpl.java:43)
at java.base/java.lang.reflect.Method.invoke(Method.java:568)
at org.testng.internal.MethodInvocationHelper.invokeMethod(MethodInvocationHelper.java:133)
at org.testng.internal.TestInvoker.invokeMethod(TestInvoker.java:598)
at org.testng.internal.TestInvoker.invokeTestMethod(TestInvoker.java:173)
at org.testng.internal.MethodRunner.runInSequence(MethodRunner.java:46)
at org.testng.internal.TestInvoker$MethodInvocationAgent.invoke(TestInvoker.java:824)
at org.testng.internal.TestInvoker.invokeTestMethods(TestInvoker.java:146)
at org.testng.internal.TestMethodWorker.invokeTestMethods(TestMethodWorker.java:146)
at org.testng.internal.TestMethodWorker.run(TestMethodWorker.java:128)
at java.base/java.util.ArrayList.forEach(ArrayList.java:1511)
at org.testng.TestRunner.privateRun(TestRunner.java:794)
at org.testng.TestRunner.run(TestRunner.java:596)
at org.testng.SuiteRunner.runTest(SuiteRunner.java:377)
at org.testng.SuiteRunner.runSequentially(SuiteRunner.java:371)
at org.testng.SuiteRunner.privateRun(SuiteRunner.java:332)
at org.testng.SuiteRunner.run(SuiteRunner.java:276)
at org.testng.SuiteRunnerWorker.runSuite(SuiteRunnerWorker.java:53)
at org.testng.SuiteRunnerWorker.run(SuiteRunnerWorker.java:96)
at org.testng.TestNG.runSuitesSequentially(TestNG.java:1212)
at org.testng.TestNG.runSuitesLocally(TestNG.java:1134)
at org.testng.TestNG.runSuites(TestNG.java:1063)
at org.testng.TestNG.run(TestNG.java:1031)
at org.testng.remote.AbstractRemoteTestNG.run(AbstractRemoteTestNG.java:115)
at org.testng.remote.RemoteTestNG.initAndRun(RemoteTestNG.java:251)
at org.testng.remote.RemoteTestNG.main(RemoteTestNG.java:77)
Caused by: com.microsoft.playwright.impl.DriverException: Error {
  message='Target page, context or browser has been closed
  name='Error
  stack='Error: Target page, context or browser has been closed
    at DispatcherConnection.dispatch (C:\Users\BV\AppData\Local\Temp\playwright-java-8960781713774761833\package\lib\server\dispatchers\dispatcher.js:232:49)
    at transport.onmessage (C:\Users\BV\AppData\Local\Temp\playwright-java-8960781713774761833\package\lib\cli\driver.js:50:57)
    at Immediate._onImmediate (C:\Users\BV\AppData\Local\Temp\playwright-java-8960781713774761833\package\lib\protocol\transport.js:77:34)
    at process.processImmediate (node:internal/timers:476:21)
}
at com.microsoft.playwright.impl.Connection.dispatch(Connection.java:201)
at com.microsoft.playwright.impl.Connection.processOneMessage(Connection.java:181)
at com.microsoft.playwright.impl.ChannelOwner.runUntil(ChannelOwner.java:109)
... 40 more
]]>
    </error>
  </testcase> <!-- LDAPConfigurationTest -->
  <system-out/>
  <testcase classname="qa.netiq.tests.PageTest3" name="CertificateManagementTest" time="0.036">
    <error message="Error {
  message=&#039;Target page, context or browser has been closed
  name=&#039;Error
  stack=&#039;Error: Target page, context or browser has been closed
    at DispatcherConnection.dispatch (C:\Users\BV\AppData\Local\Temp\playwright-java-8960781713774761833\package\lib\server\dispatchers\dispatcher.js:232:49)
    at transport.onmessage (C:\Users\BV\AppData\Local\Temp\playwright-java-8960781713774761833\package\lib\cli\driver.js:50:57)
    at Immediate._onImmediate (C:\Users\BV\AppData\Local\Temp\playwright-java-8960781713774761833\package\lib\protocol\transport.js:77:34)
    at process.processImmediate (node:internal/timers:476:21)
}" type="com.microsoft.playwright.PlaywrightException">
      <![CDATA[com.microsoft.playwright.PlaywrightException: Error {
  message='Target page, context or browser has been closed
  name='Error
  stack='Error: Target page, context or browser has been closed
    at DispatcherConnection.dispatch (C:\Users\BV\AppData\Local\Temp\playwright-java-8960781713774761833\package\lib\server\dispatchers\dispatcher.js:232:49)
    at transport.onmessage (C:\Users\BV\AppData\Local\Temp\playwright-java-8960781713774761833\package\lib\cli\driver.js:50:57)
    at Immediate._onImmediate (C:\Users\BV\AppData\Local\Temp\playwright-java-8960781713774761833\package\lib\protocol\transport.js:77:34)
    at process.processImmediate (node:internal/timers:476:21)
}
at com.microsoft.playwright.impl.WaitableResult.get(WaitableResult.java:54)
at com.microsoft.playwright.impl.ChannelOwner.runUntil(ChannelOwner.java:111)
at com.microsoft.playwright.impl.Connection.sendMessage(Connection.java:119)
at com.microsoft.playwright.impl.ChannelOwner.sendMessage(ChannelOwner.java:102)
at com.microsoft.playwright.impl.FrameImpl.clickImpl(FrameImpl.java:252)
at com.microsoft.playwright.impl.PageImpl.lambda$click$17(PageImpl.java:600)
at com.microsoft.playwright.impl.LoggingSupport.lambda$withLogging$0(LoggingSupport.java:36)
at com.microsoft.playwright.impl.LoggingSupport.withLogging(LoggingSupport.java:47)
at com.microsoft.playwright.impl.ChannelOwner.withLogging(ChannelOwner.java:87)
at com.microsoft.playwright.impl.LoggingSupport.withLogging(LoggingSupport.java:35)
at com.microsoft.playwright.impl.PageImpl.click(PageImpl.java:599)
at com.microsoft.playwright.Page.click(Page.java:3634)
at qa.netiq.pages.CertificateManagementPage.<init>(CertificateManagementPage.java:18)
at qa.netiq.tests.PageTest3.CertificateManagementTest(PageTest3.java:33)
at java.base/jdk.internal.reflect.NativeMethodAccessorImpl.invoke0(Native Method)
at java.base/jdk.internal.reflect.NativeMethodAccessorImpl.invoke(NativeMethodAccessorImpl.java:77)
at java.base/jdk.internal.reflect.DelegatingMethodAccessorImpl.invoke(DelegatingMethodAccessorImpl.java:43)
at java.base/java.lang.reflect.Method.invoke(Method.java:568)
at org.testng.internal.MethodInvocationHelper.invokeMethod(MethodInvocationHelper.java:133)
at org.testng.internal.TestInvoker.invokeMethod(TestInvoker.java:598)
at org.testng.internal.TestInvoker.invokeTestMethod(TestInvoker.java:173)
at org.testng.internal.MethodRunner.runInSequence(MethodRunner.java:46)
at org.testng.internal.TestInvoker$MethodInvocationAgent.invoke(TestInvoker.java:824)
at org.testng.internal.TestInvoker.invokeTestMethods(TestInvoker.java:146)
at org.testng.internal.TestMethodWorker.invokeTestMethods(TestMethodWorker.java:146)
at org.testng.internal.TestMethodWorker.run(TestMethodWorker.java:128)
at java.base/java.util.ArrayList.forEach(ArrayList.java:1511)
at org.testng.TestRunner.privateRun(TestRunner.java:794)
at org.testng.TestRunner.run(TestRunner.java:596)
at org.testng.SuiteRunner.runTest(SuiteRunner.java:377)
at org.testng.SuiteRunner.runSequentially(SuiteRunner.java:371)
at org.testng.SuiteRunner.privateRun(SuiteRunner.java:332)
at org.testng.SuiteRunner.run(SuiteRunner.java:276)
at org.testng.SuiteRunnerWorker.runSuite(SuiteRunnerWorker.java:53)
at org.testng.SuiteRunnerWorker.run(SuiteRunnerWorker.java:96)
at org.testng.TestNG.runSuitesSequentially(TestNG.java:1212)
at org.testng.TestNG.runSuitesLocally(TestNG.java:1134)
at org.testng.TestNG.runSuites(TestNG.java:1063)
at org.testng.TestNG.run(TestNG.java:1031)
at org.testng.remote.AbstractRemoteTestNG.run(AbstractRemoteTestNG.java:115)
at org.testng.remote.RemoteTestNG.initAndRun(RemoteTestNG.java:251)
at org.testng.remote.RemoteTestNG.main(RemoteTestNG.java:77)
Caused by: com.microsoft.playwright.impl.DriverException: Error {
  message='Target page, context or browser has been closed
  name='Error
  stack='Error: Target page, context or browser has been closed
    at DispatcherConnection.dispatch (C:\Users\BV\AppData\Local\Temp\playwright-java-8960781713774761833\package\lib\server\dispatchers\dispatcher.js:232:49)
    at transport.onmessage (C:\Users\BV\AppData\Local\Temp\playwright-java-8960781713774761833\package\lib\cli\driver.js:50:57)
    at Immediate._onImmediate (C:\Users\BV\AppData\Local\Temp\playwright-java-8960781713774761833\package\lib\protocol\transport.js:77:34)
    at process.processImmediate (node:internal/timers:476:21)
}
at com.microsoft.playwright.impl.Connection.dispatch(Connection.java:201)
at com.microsoft.playwright.impl.Connection.processOneMessage(Connection.java:181)
at com.microsoft.playwright.impl.ChannelOwner.runUntil(ChannelOwner.java:109)
... 40 more
]]>
    </error>
  </testcase> <!-- CertificateManagementTest -->
  <system-out/>
  <testcase classname="qa.netiq.tests.PageTest3" name="AuthenticationManagementTest" time="0.021">
    <error message="Error {
  message=&#039;Target page, context or browser has been closed
  name=&#039;Error
  stack=&#039;Error: Target page, context or browser has been closed
    at DispatcherConnection.dispatch (C:\Users\BV\AppData\Local\Temp\playwright-java-8960781713774761833\package\lib\server\dispatchers\dispatcher.js:232:49)
    at transport.onmessage (C:\Users\BV\AppData\Local\Temp\playwright-java-8960781713774761833\package\lib\cli\driver.js:50:57)
    at Immediate._onImmediate (C:\Users\BV\AppData\Local\Temp\playwright-java-8960781713774761833\package\lib\protocol\transport.js:77:34)
    at process.processImmediate (node:internal/timers:476:21)
}" type="com.microsoft.playwright.PlaywrightException">
      <![CDATA[com.microsoft.playwright.PlaywrightException: Error {
  message='Target page, context or browser has been closed
  name='Error
  stack='Error: Target page, context or browser has been closed
    at DispatcherConnection.dispatch (C:\Users\BV\AppData\Local\Temp\playwright-java-8960781713774761833\package\lib\server\dispatchers\dispatcher.js:232:49)
    at transport.onmessage (C:\Users\BV\AppData\Local\Temp\playwright-java-8960781713774761833\package\lib\cli\driver.js:50:57)
    at Immediate._onImmediate (C:\Users\BV\AppData\Local\Temp\playwright-java-8960781713774761833\package\lib\protocol\transport.js:77:34)
    at process.processImmediate (node:internal/timers:476:21)
}
at com.microsoft.playwright.impl.WaitableResult.get(WaitableResult.java:54)
at com.microsoft.playwright.impl.ChannelOwner.runUntil(ChannelOwner.java:111)
at com.microsoft.playwright.impl.Connection.sendMessage(Connection.java:119)
at com.microsoft.playwright.impl.ChannelOwner.sendMessage(ChannelOwner.java:102)
at com.microsoft.playwright.impl.FrameImpl.clickImpl(FrameImpl.java:252)
at com.microsoft.playwright.impl.PageImpl.lambda$click$17(PageImpl.java:600)
at com.microsoft.playwright.impl.LoggingSupport.lambda$withLogging$0(LoggingSupport.java:36)
at com.microsoft.playwright.impl.LoggingSupport.withLogging(LoggingSupport.java:47)
at com.microsoft.playwright.impl.ChannelOwner.withLogging(ChannelOwner.java:87)
at com.microsoft.playwright.impl.LoggingSupport.withLogging(LoggingSupport.java:35)
at com.microsoft.playwright.impl.PageImpl.click(PageImpl.java:599)
at com.microsoft.playwright.Page.click(Page.java:3634)
at qa.netiq.pages.AuthenticationManagementPage.<init>(AuthenticationManagementPage.java:18)
at qa.netiq.tests.PageTest3.AuthenticationManagementTest(PageTest3.java:40)
at java.base/jdk.internal.reflect.NativeMethodAccessorImpl.invoke0(Native Method)
at java.base/jdk.internal.reflect.NativeMethodAccessorImpl.invoke(NativeMethodAccessorImpl.java:77)
at java.base/jdk.internal.reflect.DelegatingMethodAccessorImpl.invoke(DelegatingMethodAccessorImpl.java:43)
at java.base/java.lang.reflect.Method.invoke(Method.java:568)
at org.testng.internal.MethodInvocationHelper.invokeMethod(MethodInvocationHelper.java:133)
at org.testng.internal.TestInvoker.invokeMethod(TestInvoker.java:598)
at org.testng.internal.TestInvoker.invokeTestMethod(TestInvoker.java:173)
at org.testng.internal.MethodRunner.runInSequence(MethodRunner.java:46)
at org.testng.internal.TestInvoker$MethodInvocationAgent.invoke(TestInvoker.java:824)
at org.testng.internal.TestInvoker.invokeTestMethods(TestInvoker.java:146)
at org.testng.internal.TestMethodWorker.invokeTestMethods(TestMethodWorker.java:146)
at org.testng.internal.TestMethodWorker.run(TestMethodWorker.java:128)
at java.base/java.util.ArrayList.forEach(ArrayList.java:1511)
at org.testng.TestRunner.privateRun(TestRunner.java:794)
at org.testng.TestRunner.run(TestRunner.java:596)
at org.testng.SuiteRunner.runTest(SuiteRunner.java:377)
at org.testng.SuiteRunner.runSequentially(SuiteRunner.java:371)
at org.testng.SuiteRunner.privateRun(SuiteRunner.java:332)
at org.testng.SuiteRunner.run(SuiteRunner.java:276)
at org.testng.SuiteRunnerWorker.runSuite(SuiteRunnerWorker.java:53)
at org.testng.SuiteRunnerWorker.run(SuiteRunnerWorker.java:96)
at org.testng.TestNG.runSuitesSequentially(TestNG.java:1212)
at org.testng.TestNG.runSuitesLocally(TestNG.java:1134)
at org.testng.TestNG.runSuites(TestNG.java:1063)
at org.testng.TestNG.run(TestNG.java:1031)
at org.testng.remote.AbstractRemoteTestNG.run(AbstractRemoteTestNG.java:115)
at org.testng.remote.RemoteTestNG.initAndRun(RemoteTestNG.java:251)
at org.testng.remote.RemoteTestNG.main(RemoteTestNG.java:77)
Caused by: com.microsoft.playwright.impl.DriverException: Error {
  message='Target page, context or browser has been closed
  name='Error
  stack='Error: Target page, context or browser has been closed
    at DispatcherConnection.dispatch (C:\Users\BV\AppData\Local\Temp\playwright-java-8960781713774761833\package\lib\server\dispatchers\dispatcher.js:232:49)
    at transport.onmessage (C:\Users\BV\AppData\Local\Temp\playwright-java-8960781713774761833\package\lib\cli\driver.js:50:57)
    at Immediate._onImmediate (C:\Users\BV\AppData\Local\Temp\playwright-java-8960781713774761833\package\lib\protocol\transport.js:77:34)
    at process.processImmediate (node:internal/timers:476:21)
}
at com.microsoft.playwright.impl.Connection.dispatch(Connection.java:201)
at com.microsoft.playwright.impl.Connection.processOneMessage(Connection.java:181)
at com.microsoft.playwright.impl.ChannelOwner.runUntil(ChannelOwner.java:109)
... 40 more
]]>
    </error>
  </testcase> <!-- AuthenticationManagementTest -->
  <system-out/>
  <testcase classname="qa.netiq.tests.PageTest3" name="SNMPTest" time="0.007">
    <error message="Error {
  message=&#039;Target page, context or browser has been closed
  name=&#039;Error
  stack=&#039;Error: Target page, context or browser has been closed
    at DispatcherConnection.dispatch (C:\Users\BV\AppData\Local\Temp\playwright-java-8960781713774761833\package\lib\server\dispatchers\dispatcher.js:232:49)
    at transport.onmessage (C:\Users\BV\AppData\Local\Temp\playwright-java-8960781713774761833\package\lib\cli\driver.js:50:57)
    at Immediate._onImmediate (C:\Users\BV\AppData\Local\Temp\playwright-java-8960781713774761833\package\lib\protocol\transport.js:77:34)
    at process.processImmediate (node:internal/timers:476:21)
}" type="com.microsoft.playwright.PlaywrightException">
      <![CDATA[com.microsoft.playwright.PlaywrightException: Error {
  message='Target page, context or browser has been closed
  name='Error
  stack='Error: Target page, context or browser has been closed
    at DispatcherConnection.dispatch (C:\Users\BV\AppData\Local\Temp\playwright-java-8960781713774761833\package\lib\server\dispatchers\dispatcher.js:232:49)
    at transport.onmessage (C:\Users\BV\AppData\Local\Temp\playwright-java-8960781713774761833\package\lib\cli\driver.js:50:57)
    at Immediate._onImmediate (C:\Users\BV\AppData\Local\Temp\playwright-java-8960781713774761833\package\lib\protocol\transport.js:77:34)
    at process.processImmediate (node:internal/timers:476:21)
}
at com.microsoft.playwright.impl.WaitableResult.get(WaitableResult.java:54)
at com.microsoft.playwright.impl.ChannelOwner.runUntil(ChannelOwner.java:111)
at com.microsoft.playwright.impl.Connection.sendMessage(Connection.java:119)
at com.microsoft.playwright.impl.ChannelOwner.sendMessage(ChannelOwner.java:102)
at com.microsoft.playwright.impl.FrameImpl.clickImpl(FrameImpl.java:252)
at com.microsoft.playwright.impl.PageImpl.lambda$click$17(PageImpl.java:600)
at com.microsoft.playwright.impl.LoggingSupport.lambda$withLogging$0(LoggingSupport.java:36)
at com.microsoft.playwright.impl.LoggingSupport.withLogging(LoggingSupport.java:47)
at com.microsoft.playwright.impl.ChannelOwner.withLogging(ChannelOwner.java:87)
at com.microsoft.playwright.impl.LoggingSupport.withLogging(LoggingSupport.java:35)
at com.microsoft.playwright.impl.PageImpl.click(PageImpl.java:599)
at com.microsoft.playwright.Page.click(Page.java:3634)
at qa.netiq.pages.SNMPPage.<init>(SNMPPage.java:18)
at qa.netiq.tests.PageTest3.SNMPTest(PageTest3.java:47)
at java.base/jdk.internal.reflect.NativeMethodAccessorImpl.invoke0(Native Method)
at java.base/jdk.internal.reflect.NativeMethodAccessorImpl.invoke(NativeMethodAccessorImpl.java:77)
at java.base/jdk.internal.reflect.DelegatingMethodAccessorImpl.invoke(DelegatingMethodAccessorImpl.java:43)
at java.base/java.lang.reflect.Method.invoke(Method.java:568)
at org.testng.internal.MethodInvocationHelper.invokeMethod(MethodInvocationHelper.java:133)
at org.testng.internal.TestInvoker.invokeMethod(TestInvoker.java:598)
at org.testng.internal.TestInvoker.invokeTestMethod(TestInvoker.java:173)
at org.testng.internal.MethodRunner.runInSequence(MethodRunner.java:46)
at org.testng.internal.TestInvoker$MethodInvocationAgent.invoke(TestInvoker.java:824)
at org.testng.internal.TestInvoker.invokeTestMethods(TestInvoker.java:146)
at org.testng.internal.TestMethodWorker.invokeTestMethods(TestMethodWorker.java:146)
at org.testng.internal.TestMethodWorker.run(TestMethodWorker.java:128)
at java.base/java.util.ArrayList.forEach(ArrayList.java:1511)
at org.testng.TestRunner.privateRun(TestRunner.java:794)
at org.testng.TestRunner.run(TestRunner.java:596)
at org.testng.SuiteRunner.runTest(SuiteRunner.java:377)
at org.testng.SuiteRunner.runSequentially(SuiteRunner.java:371)
at org.testng.SuiteRunner.privateRun(SuiteRunner.java:332)
at org.testng.SuiteRunner.run(SuiteRunner.java:276)
at org.testng.SuiteRunnerWorker.runSuite(SuiteRunnerWorker.java:53)
at org.testng.SuiteRunnerWorker.run(SuiteRunnerWorker.java:96)
at org.testng.TestNG.runSuitesSequentially(TestNG.java:1212)
at org.testng.TestNG.runSuitesLocally(TestNG.java:1134)
at org.testng.TestNG.runSuites(TestNG.java:1063)
at org.testng.TestNG.run(TestNG.java:1031)
at org.testng.remote.AbstractRemoteTestNG.run(AbstractRemoteTestNG.java:115)
at org.testng.remote.RemoteTestNG.initAndRun(RemoteTestNG.java:251)
at org.testng.remote.RemoteTestNG.main(RemoteTestNG.java:77)
Caused by: com.microsoft.playwright.impl.DriverException: Error {
  message='Target page, context or browser has been closed
  name='Error
  stack='Error: Target page, context or browser has been closed
    at DispatcherConnection.dispatch (C:\Users\BV\AppData\Local\Temp\playwright-java-8960781713774761833\package\lib\server\dispatchers\dispatcher.js:232:49)
    at transport.onmessage (C:\Users\BV\AppData\Local\Temp\playwright-java-8960781713774761833\package\lib\cli\driver.js:50:57)
    at Immediate._onImmediate (C:\Users\BV\AppData\Local\Temp\playwright-java-8960781713774761833\package\lib\protocol\transport.js:77:34)
    at process.processImmediate (node:internal/timers:476:21)
}
at com.microsoft.playwright.impl.Connection.dispatch(Connection.java:201)
at com.microsoft.playwright.impl.Connection.processOneMessage(Connection.java:181)
at com.microsoft.playwright.impl.ChannelOwner.runUntil(ChannelOwner.java:109)
... 40 more
]]>
    </error>
  </testcase> <!-- SNMPTest -->
  <system-out/>
  <testcase classname="qa.netiq.tests.PageTest3" name="EBAPageTest" time="0.008">
    <error message="Error {
  message=&#039;Target page, context or browser has been closed
  name=&#039;Error
  stack=&#039;Error: Target page, context or browser has been closed
    at DispatcherConnection.dispatch (C:\Users\BV\AppData\Local\Temp\playwright-java-8960781713774761833\package\lib\server\dispatchers\dispatcher.js:232:49)
    at transport.onmessage (C:\Users\BV\AppData\Local\Temp\playwright-java-8960781713774761833\package\lib\cli\driver.js:50:57)
    at Immediate._onImmediate (C:\Users\BV\AppData\Local\Temp\playwright-java-8960781713774761833\package\lib\protocol\transport.js:77:34)
    at process.processImmediate (node:internal/timers:476:21)
}" type="com.microsoft.playwright.PlaywrightException">
      <![CDATA[com.microsoft.playwright.PlaywrightException: Error {
  message='Target page, context or browser has been closed
  name='Error
  stack='Error: Target page, context or browser has been closed
    at DispatcherConnection.dispatch (C:\Users\BV\AppData\Local\Temp\playwright-java-8960781713774761833\package\lib\server\dispatchers\dispatcher.js:232:49)
    at transport.onmessage (C:\Users\BV\AppData\Local\Temp\playwright-java-8960781713774761833\package\lib\cli\driver.js:50:57)
    at Immediate._onImmediate (C:\Users\BV\AppData\Local\Temp\playwright-java-8960781713774761833\package\lib\protocol\transport.js:77:34)
    at process.processImmediate (node:internal/timers:476:21)
}
at com.microsoft.playwright.impl.WaitableResult.get(WaitableResult.java:54)
at com.microsoft.playwright.impl.ChannelOwner.runUntil(ChannelOwner.java:111)
at com.microsoft.playwright.impl.Connection.sendMessage(Connection.java:119)
at com.microsoft.playwright.impl.ChannelOwner.sendMessage(ChannelOwner.java:102)
at com.microsoft.playwright.impl.FrameImpl.clickImpl(FrameImpl.java:252)
at com.microsoft.playwright.impl.PageImpl.lambda$click$17(PageImpl.java:600)
at com.microsoft.playwright.impl.LoggingSupport.lambda$withLogging$0(LoggingSupport.java:36)
at com.microsoft.playwright.impl.LoggingSupport.withLogging(LoggingSupport.java:47)
at com.microsoft.playwright.impl.ChannelOwner.withLogging(ChannelOwner.java:87)
at com.microsoft.playwright.impl.LoggingSupport.withLogging(LoggingSupport.java:35)
at com.microsoft.playwright.impl.PageImpl.click(PageImpl.java:599)
at com.microsoft.playwright.Page.click(Page.java:3634)
at qa.netiq.pages.EBAPage.<init>(EBAPage.java:18)
at qa.netiq.tests.PageTest3.EBAPageTest(PageTest3.java:54)
at java.base/jdk.internal.reflect.NativeMethodAccessorImpl.invoke0(Native Method)
at java.base/jdk.internal.reflect.NativeMethodAccessorImpl.invoke(NativeMethodAccessorImpl.java:77)
at java.base/jdk.internal.reflect.DelegatingMethodAccessorImpl.invoke(DelegatingMethodAccessorImpl.java:43)
at java.base/java.lang.reflect.Method.invoke(Method.java:568)
at org.testng.internal.MethodInvocationHelper.invokeMethod(MethodInvocationHelper.java:133)
at org.testng.internal.TestInvoker.invokeMethod(TestInvoker.java:598)
at org.testng.internal.TestInvoker.invokeTestMethod(TestInvoker.java:173)
at org.testng.internal.MethodRunner.runInSequence(MethodRunner.java:46)
at org.testng.internal.TestInvoker$MethodInvocationAgent.invoke(TestInvoker.java:824)
at org.testng.internal.TestInvoker.invokeTestMethods(TestInvoker.java:146)
at org.testng.internal.TestMethodWorker.invokeTestMethods(TestMethodWorker.java:146)
at org.testng.internal.TestMethodWorker.run(TestMethodWorker.java:128)
at java.base/java.util.ArrayList.forEach(ArrayList.java:1511)
at org.testng.TestRunner.privateRun(TestRunner.java:794)
at org.testng.TestRunner.run(TestRunner.java:596)
at org.testng.SuiteRunner.runTest(SuiteRunner.java:377)
at org.testng.SuiteRunner.runSequentially(SuiteRunner.java:371)
at org.testng.SuiteRunner.privateRun(SuiteRunner.java:332)
at org.testng.SuiteRunner.run(SuiteRunner.java:276)
at org.testng.SuiteRunnerWorker.runSuite(SuiteRunnerWorker.java:53)
at org.testng.SuiteRunnerWorker.run(SuiteRunnerWorker.java:96)
at org.testng.TestNG.runSuitesSequentially(TestNG.java:1212)
at org.testng.TestNG.runSuitesLocally(TestNG.java:1134)
at org.testng.TestNG.runSuites(TestNG.java:1063)
at org.testng.TestNG.run(TestNG.java:1031)
at org.testng.remote.AbstractRemoteTestNG.run(AbstractRemoteTestNG.java:115)
at org.testng.remote.RemoteTestNG.initAndRun(RemoteTestNG.java:251)
at org.testng.remote.RemoteTestNG.main(RemoteTestNG.java:77)
Caused by: com.microsoft.playwright.impl.DriverException: Error {
  message='Target page, context or browser has been closed
  name='Error
  stack='Error: Target page, context or browser has been closed
    at DispatcherConnection.dispatch (C:\Users\BV\AppData\Local\Temp\playwright-java-8960781713774761833\package\lib\server\dispatchers\dispatcher.js:232:49)
    at transport.onmessage (C:\Users\BV\AppData\Local\Temp\playwright-java-8960781713774761833\package\lib\cli\driver.js:50:57)
    at Immediate._onImmediate (C:\Users\BV\AppData\Local\Temp\playwright-java-8960781713774761833\package\lib\protocol\transport.js:77:34)
    at process.processImmediate (node:internal/timers:476:21)
}
at com.microsoft.playwright.impl.Connection.dispatch(Connection.java:201)
at com.microsoft.playwright.impl.Connection.processOneMessage(Connection.java:181)
at com.microsoft.playwright.impl.ChannelOwner.runUntil(ChannelOwner.java:109)
... 40 more
]]>
    </error>
  </testcase> <!-- EBAPageTest -->
  <system-out/>
</testsuite> <!-- qa.netiq.tests.PageTest3 -->
