<?xml version="1.0" encoding="UTF-8"?>
<!-- Generated by org.testng.reporters.JUnitReportReporter -->
<testsuite hostname="MF-k8O8XdziTths" failures="0" tests="7" name="qa.netiq.tests.PageTest1" time="9.242" errors="0" timestamp="2023-03-16T11:57:15 IST" skipped="0">
  <testcase classname="qa.netiq.tests.PageTest1" name="homePage" time="0.981"/>
  <system-out/>
  <testcase classname="qa.netiq.tests.PageTest1" name="searchTest" time="2.030"/>
  <system-out/>
  <testcase classname="qa.netiq.tests.PageTest1" name="userManagementTest" time="1.039"/>
  <system-out/>
  <testcase classname="qa.netiq.tests.PageTest1" name="groupManagementTest" time="1.316"/>
  <system-out/>
  <testcase classname="qa.netiq.tests.PageTest1" name="objectManagementTest" time="1.668"/>
  <system-out/>
  <testcase classname="qa.netiq.tests.PageTest1" name="rightManagementTest" time="0.835"/>
  <system-out/>
  <testcase classname="qa.netiq.tests.PageTest1" name="treeViewTest" time="1.373"/>
  <system-out/>
</testsuite> <!-- qa.netiq.tests.PageTest1 -->
