<?xml version="1.0" encoding="UTF-8"?>
<!-- Generated by org.testng.reporters.JUnitReportReporter -->
<testsuite hostname="MF-XA8PSb7RfHqZ" failures="0" tests="6" name="qa.netiq.tests.PageTest3" time="4.545" errors="0" timestamp="2023-03-17T13:37:24 IST" skipped="0">
  <testcase classname="qa.netiq.tests.PageTest3" name="IndexManagementTest" time="0.546"/>
  <system-out/>
  <testcase classname="qa.netiq.tests.PageTest3" name="LDAPConfigurationTest" time="1.087"/>
  <system-out/>
  <testcase classname="qa.netiq.tests.PageTest3" name="CertificateManagementTest" time="1.558"/>
  <system-out/>
  <testcase classname="qa.netiq.tests.PageTest3" name="AuthenticationManagementTest" time="0.421"/>
  <system-out/>
  <testcase classname="qa.netiq.tests.PageTest3" name="SNMPTest" time="0.497"/>
  <system-out/>
  <testcase classname="qa.netiq.tests.PageTest3" name="EBAPageTest" time="0.436"/>
  <system-out/>
</testsuite> <!-- qa.netiq.tests.PageTest3 -->
