<?xml version="1.0" encoding="UTF-8"?>
<!-- Generated by org.testng.reporters.JUnitReportReporter -->
<testsuite hostname="MF-XA8PSb7RfHqZ" failures="0" tests="6" name="qa.netiq.tests.PageTest3" time="1.983" errors="0" timestamp="2023-03-20T15:49:53 IST" skipped="0">
  <testcase classname="qa.netiq.tests.PageTest3" name="IndexManagementTest" time="0.233"/>
  <system-out/>
  <testcase classname="qa.netiq.tests.PageTest3" name="LDAPConfigurationTest" time="0.570"/>
  <system-out/>
  <testcase classname="qa.netiq.tests.PageTest3" name="CertificateManagementTest" time="0.423"/>
  <system-out/>
  <testcase classname="qa.netiq.tests.PageTest3" name="AuthenticationManagementTest" time="0.232"/>
  <system-out/>
  <testcase classname="qa.netiq.tests.PageTest3" name="SNMPTest" time="0.277"/>
  <system-out/>
  <testcase classname="qa.netiq.tests.PageTest3" name="EBAPageTest" time="0.248"/>
  <system-out/>
</testsuite> <!-- qa.netiq.tests.PageTest3 -->
