<?xml version="1.0" encoding="UTF-8"?>
<!-- Generated by org.testng.reporters.JUnitReportReporter -->
<testsuite hostname="MF-XA8PSb7RfHqZ" failures="0" tests="6" name="qa.netiq.tests.PageTest3" time="3.439" errors="0" timestamp="2023-03-16T14:01:02 IST" skipped="0">
  <testcase classname="qa.netiq.tests.PageTest3" name="IndexManagementTest" time="0.464"/>
  <system-out/>
  <testcase classname="qa.netiq.tests.PageTest3" name="LDAPConfigurationTest" time="1.023"/>
  <system-out/>
  <testcase classname="qa.netiq.tests.PageTest3" name="CertificateManagementTest" time="0.827"/>
  <system-out/>
  <testcase classname="qa.netiq.tests.PageTest3" name="AuthenticationManagementTest" time="0.339"/>
  <system-out/>
  <testcase classname="qa.netiq.tests.PageTest3" name="SNMPTest" time="0.433"/>
  <system-out/>
  <testcase classname="qa.netiq.tests.PageTest3" name="EBAPageTest" time="0.353"/>
  <system-out/>
</testsuite> <!-- qa.netiq.tests.PageTest3 -->
