<?xml version="1.0" encoding="UTF-8"?>
<!-- Generated by org.testng.reporters.JUnitReportReporter -->
<testsuite hostname="MF-XA8PSb7RfHqZ" failures="0" tests="6" name="qa.netiq.tests.PageTest2" time="2.986" errors="0" timestamp="2023-03-20T15:49:53 IST" skipped="0">
  <testcase classname="qa.netiq.tests.PageTest2" name="schemaPageTest" time="0.499"/>
  <system-out/>
  <testcase classname="qa.netiq.tests.PageTest2" name="auditingPageTest" time="0.298"/>
  <system-out/>
  <testcase classname="qa.netiq.tests.PageTest2" name="encryptedAttributesPageTest" time="0.463"/>
  <system-out/>
  <testcase classname="qa.netiq.tests.PageTest2" name="encryptedReplicationPageTest" time="1.330"/>
  <system-out/>
  <testcase classname="qa.netiq.tests.PageTest2" name="dnManagementPageTest" time="0.215"/>
  <system-out/>
  <testcase classname="qa.netiq.tests.PageTest2" name="partitionManagementTest" time="0.181"/>
  <system-out/>
</testsuite> <!-- qa.netiq.tests.PageTest2 -->
