<?xml version="1.0" encoding="UTF-8"?>
<!-- Generated by org.testng.reporters.JUnitReportReporter -->
<testsuite hostname="MF-XBgzTBm3vQrK" failures="0" tests="7" name="qa.netiq.tests.PageTest1" time="7.151" errors="0" timestamp="2023-03-16T12:40:36 IST" skipped="0">
  <testcase classname="qa.netiq.tests.PageTest1" name="homePage" time="0.752"/>
  <system-out/>
  <testcase classname="qa.netiq.tests.PageTest1" name="searchTest" time="1.478"/>
  <system-out/>
  <testcase classname="qa.netiq.tests.PageTest1" name="userManagementTest" time="0.654"/>
  <system-out/>
  <testcase classname="qa.netiq.tests.PageTest1" name="groupManagementTest" time="1.047"/>
  <system-out/>
  <testcase classname="qa.netiq.tests.PageTest1" name="objectManagementTest" time="1.382"/>
  <system-out/>
  <testcase classname="qa.netiq.tests.PageTest1" name="rightManagementTest" time="0.679"/>
  <system-out/>
  <testcase classname="qa.netiq.tests.PageTest1" name="treeViewTest" time="1.159"/>
  <system-out/>
</testsuite> <!-- qa.netiq.tests.PageTest1 -->
