<?xml version="1.0" encoding="UTF-8"?>
<!-- Generated by org.testng.reporters.JUnitReportReporter -->
<testsuite hostname="MF-XBgzTBm3vQrK" failures="0" tests="7" name="qa.netiq.tests.PageTest1" time="7.098" errors="0" timestamp="2023-03-16T11:07:10 IST" skipped="0">
  <testcase classname="qa.netiq.tests.PageTest1" name="homePage" time="0.741"/>
  <system-out/>
  <testcase classname="qa.netiq.tests.PageTest1" name="searchTest" time="1.389"/>
  <system-out/>
  <testcase classname="qa.netiq.tests.PageTest1" name="userManagementTest" time="0.648"/>
  <system-out/>
  <testcase classname="qa.netiq.tests.PageTest1" name="groupManagementTest" time="1.099"/>
  <system-out/>
  <testcase classname="qa.netiq.tests.PageTest1" name="objectManagementTest" time="1.382"/>
  <system-out/>
  <testcase classname="qa.netiq.tests.PageTest1" name="rightManagementTest" time="0.676"/>
  <system-out/>
  <testcase classname="qa.netiq.tests.PageTest1" name="treeViewTest" time="1.163"/>
  <system-out/>
</testsuite> <!-- qa.netiq.tests.PageTest1 -->
