<?xml version="1.0" encoding="UTF-8"?>
<!-- Generated by org.testng.reporters.JUnitReportReporter -->
<testsuite hostname="MF-XA8PSb7RfHqZ" failures="0" tests="7" name="qa.netiq.tests.PageTest1" time="12.794" errors="0" timestamp="2023-03-17T13:37:24 IST" skipped="0">
  <testcase classname="qa.netiq.tests.PageTest1" name="homePage" time="3.914"/>
  <system-out/>
  <testcase classname="qa.netiq.tests.PageTest1" name="searchTest" time="1.666"/>
  <system-out/>
  <testcase classname="qa.netiq.tests.PageTest1" name="userManagementTest" time="1.067"/>
  <system-out/>
  <testcase classname="qa.netiq.tests.PageTest1" name="groupManagementTest" time="1.235"/>
  <system-out/>
  <testcase classname="qa.netiq.tests.PageTest1" name="objectManagementTest" time="1.515"/>
  <system-out/>
  <testcase classname="qa.netiq.tests.PageTest1" name="rightManagementTest" time="1.933"/>
  <system-out/>
  <testcase classname="qa.netiq.tests.PageTest1" name="treeViewTest" time="1.464"/>
  <system-out/>
</testsuite> <!-- qa.netiq.tests.PageTest1 -->
