<?xml version="1.0" encoding="UTF-8"?>
<!-- Generated by org.testng.reporters.JUnitReportReporter -->
<testsuite hostname="MF-k8O8XdziTths" failures="0" tests="12" name="qa.netiq.tests.PageTest2" time="6.018" errors="0" timestamp="2023-03-16T11:57:15 IST" skipped="0">
  <testcase classname="qa.netiq.tests.PageTest2" name="schemaPageTest" time="0.807"/>
  <system-out/>
  <testcase classname="qa.netiq.tests.PageTest2" name="auditingPageTest" time="0.362"/>
  <system-out/>
  <testcase classname="qa.netiq.tests.PageTest2" name="encryptedAttributesPageTest" time="0.552"/>
  <system-out/>
  <testcase classname="qa.netiq.tests.PageTest2" name="encryptedReplicationPageTest" time="0.389"/>
  <system-out/>
  <testcase classname="qa.netiq.tests.PageTest2" name="dnManagementPageTest" time="0.343"/>
  <system-out/>
  <testcase classname="qa.netiq.tests.PageTest2" name="partitionManagementTest" time="0.429"/>
  <system-out/>
  <testcase classname="qa.netiq.tests.PageTest2" name="IndexManagementTest" time="0.479"/>
  <system-out/>
  <testcase classname="qa.netiq.tests.PageTest2" name="LDAPConfigurationTest" time="0.859"/>
  <system-out/>
  <testcase classname="qa.netiq.tests.PageTest2" name="CertificateManagementTest" time="0.874"/>
  <system-out/>
  <testcase classname="qa.netiq.tests.PageTest2" name="AuthenticationManagementTest" time="0.321"/>
  <system-out/>
  <testcase classname="qa.netiq.tests.PageTest2" name="SNMPTest" time="0.289"/>
  <system-out/>
  <testcase classname="qa.netiq.tests.PageTest2" name="EBAPageTest" time="0.314"/>
  <system-out/>
</testsuite> <!-- qa.netiq.tests.PageTest2 -->
