<?xml version="1.0" encoding="UTF-8"?>
<!-- Generated by org.testng.reporters.JUnitReportReporter -->
<testsuite hostname="MF-XBgzTBm3vQrK" failures="0" tests="7" name="qa.netiq.tests.HomePageTest" time="13.138" errors="0" timestamp="2023-03-13T00:11:49 IST" skipped="0">
  <testcase classname="qa.netiq.tests.HomePageTest" name="homePageTest" time="0.046"/>
  <system-out/>
  <testcase classname="qa.netiq.tests.HomePageTest" name="schemaPageTest" time="2.100"/>
  <system-out/>
  <testcase classname="qa.netiq.tests.HomePageTest" name="auditingPageTest" time="2.150"/>
  <system-out/>
  <testcase classname="qa.netiq.tests.HomePageTest" name="encryptedAttributesPageTest" time="2.215"/>
  <system-out/>
  <testcase classname="qa.netiq.tests.HomePageTest" name="encryptedReplicationPageTest" time="2.209"/>
  <system-out/>
  <testcase classname="qa.netiq.tests.HomePageTest" name="dnManagementPageTest" time="2.196"/>
  <system-out/>
  <testcase classname="qa.netiq.tests.HomePageTest" name="partitionManagementTest" time="2.222"/>
  <system-out/>
</testsuite> <!-- qa.netiq.tests.HomePageTest -->
