<?xml version="1.0" encoding="UTF-8"?>
<!-- Generated by org.testng.reporters.JUnitReportReporter -->
<testsuite hostname="MF-XA8PSb7RfHqZ" failures="0" tests="6" name="qa.netiq.tests.PageTest2" time="14.094" errors="0" timestamp="2023-03-16T10:10:38 IST" skipped="0">
  <testcase classname="qa.netiq.tests.PageTest2" name="schemaPageTest" time="2.551"/>
  <system-out/>
  <testcase classname="qa.netiq.tests.PageTest2" name="auditingPageTest" time="2.240"/>
  <system-out/>
  <testcase classname="qa.netiq.tests.PageTest2" name="encryptedAttributesPageTest" time="2.412"/>
  <system-out/>
  <testcase classname="qa.netiq.tests.PageTest2" name="encryptedReplicationPageTest" time="2.280"/>
  <system-out/>
  <testcase classname="qa.netiq.tests.PageTest2" name="dnManagementPageTest" time="2.310"/>
  <system-out/>
  <testcase classname="qa.netiq.tests.PageTest2" name="partitionManagementTest" time="2.301"/>
  <system-out/>
</testsuite> <!-- qa.netiq.tests.PageTest2 -->
