<?xml version="1.0" encoding="UTF-8"?>
<!-- Generated by org.testng.reporters.JUnitReportReporter -->
<testsuite hostname="MF-XA8PSb7RfHqZ" failures="0" tests="6" name="qa.netiq.tests.PageTest2" time="3.375" errors="0" timestamp="2023-03-16T14:01:02 IST" skipped="0">
  <testcase classname="qa.netiq.tests.PageTest2" name="schemaPageTest" time="0.990"/>
  <system-out/>
  <testcase classname="qa.netiq.tests.PageTest2" name="auditingPageTest" time="0.362"/>
  <system-out/>
  <testcase classname="qa.netiq.tests.PageTest2" name="encryptedAttributesPageTest" time="0.769"/>
  <system-out/>
  <testcase classname="qa.netiq.tests.PageTest2" name="encryptedReplicationPageTest" time="0.408"/>
  <system-out/>
  <testcase classname="qa.netiq.tests.PageTest2" name="dnManagementPageTest" time="0.425"/>
  <system-out/>
  <testcase classname="qa.netiq.tests.PageTest2" name="partitionManagementTest" time="0.421"/>
  <system-out/>
</testsuite> <!-- qa.netiq.tests.PageTest2 -->
