<?xml version="1.0" encoding="UTF-8"?>
<!-- Generated by org.testng.reporters.JUnitReportReporter -->
<testsuite hostname="MF-XA8PSb7RfHqZ" failures="0" tests="7" name="qa.netiq.tests.PageTest1" time="9.001" errors="0" timestamp="2023-03-15T21:03:16 IST" skipped="0">
  <testcase classname="qa.netiq.tests.PageTest1" name="homePage" time="1.137"/>
  <system-out/>
  <testcase classname="qa.netiq.tests.PageTest1" name="searchTest" time="1.528"/>
  <system-out/>
  <testcase classname="qa.netiq.tests.PageTest1" name="userManagementTest" time="0.818"/>
  <system-out/>
  <testcase classname="qa.netiq.tests.PageTest1" name="groupManagementTest" time="1.279"/>
  <system-out/>
  <testcase classname="qa.netiq.tests.PageTest1" name="objectManagementTest" time="1.643"/>
  <system-out/>
  <testcase classname="qa.netiq.tests.PageTest1" name="rightManagementTest" time="1.008"/>
  <system-out/>
  <testcase classname="qa.netiq.tests.PageTest1" name="treeViewTest" time="1.588"/>
  <system-out/>
</testsuite> <!-- qa.netiq.tests.PageTest1 -->
