<?xml version="1.0" encoding="UTF-8"?>
<!-- Generated by org.testng.reporters.JUnitReportReporter -->
<testsuite hostname="MF-XBgzTBm3vQrK" failures="0" tests="14" name="testss.netiqtest" time="13.862" errors="0" timestamp="2023-03-12T22:22:31 IST" skipped="0">
  <testcase classname="testss.netiqtest" name="dashboard" time="2.318"/>
  <system-out/>
  <testcase classname="testss.netiqtest" name="schemaManagement" time="8.426"/>
  <system-out/>
  <testcase classname="testss.netiqtest" name="exit1" time="0.138"/>
  <system-out/>
  <testcase classname="testss.netiqtest" name="auditing" time="0.111"/>
  <system-out/>
  <testcase classname="testss.netiqtest" name="exit2" time="0.306"/>
  <system-out/>
  <testcase classname="testss.netiqtest" name="encryptedAtrributes" time="0.109"/>
  <system-out/>
  <testcase classname="testss.netiqtest" name="exit3" time="0.699"/>
  <system-out/>
  <testcase classname="testss.netiqtest" name="encryptedReplication" time="0.109"/>
  <system-out/>
  <testcase classname="testss.netiqtest" name="exit4" time="0.234"/>
  <system-out/>
  <testcase classname="testss.netiqtest" name="dnManagement" time="0.112"/>
  <system-out/>
  <testcase classname="testss.netiqtest" name="exit5" time="0.273"/>
  <system-out/>
  <testcase classname="testss.netiqtest" name="partitionManagement" time="0.115"/>
  <system-out/>
  <testcase classname="testss.netiqtest" name="exit6" time="0.449"/>
  <system-out/>
  <testcase classname="testss.netiqtest" name="logout" time="0.463"/>
  <system-out/>
</testsuite> <!-- testss.netiqtest -->
