<?xml version="1.0" encoding="UTF-8"?>
<!-- Generated by org.testng.reporters.JUnitReportReporter -->
<testsuite hostname="MF-XA8PSb7RfHqZ" failures="0" tests="13" name="qa.netiq.tests.PageTest" time="33.124" errors="0" timestamp="2023-03-15T16:35:56 IST" skipped="0">
  <testcase classname="qa.netiq.tests.PageTest" name="homePage" time="0.856"/>
  <system-out/>
  <testcase classname="qa.netiq.tests.PageTest" name="searchTest" time="1.142"/>
  <system-out/>
  <testcase classname="qa.netiq.tests.PageTest" name="userManagementTest" time="0.738"/>
  <system-out/>
  <testcase classname="qa.netiq.tests.PageTest" name="groupManagementTest" time="0.981"/>
  <system-out/>
  <testcase classname="qa.netiq.tests.PageTest" name="objectManagementTest" time="1.250"/>
  <system-out/>
  <testcase classname="qa.netiq.tests.PageTest" name="rightManagementTest" time="0.702"/>
  <system-out/>
  <testcase classname="qa.netiq.tests.PageTest" name="treeViewTest" time="0.959"/>
  <system-out/>
  <testcase classname="qa.netiq.tests.PageTest" name="schemaPageTest" time="4.548"/>
  <system-out/>
  <testcase classname="qa.netiq.tests.PageTest" name="auditingPageTest" time="4.344"/>
  <system-out/>
  <testcase classname="qa.netiq.tests.PageTest" name="encryptedAttributesPageTest" time="4.578"/>
  <system-out/>
  <testcase classname="qa.netiq.tests.PageTest" name="encryptedReplicationPageTest" time="4.334"/>
  <system-out/>
  <testcase classname="qa.netiq.tests.PageTest" name="dnManagementPageTest" time="4.363"/>
  <system-out/>
  <testcase classname="qa.netiq.tests.PageTest" name="partitionManagementTest" time="4.329"/>
  <system-out/>
</testsuite> <!-- qa.netiq.tests.PageTest -->
