<?xml version="1.0" encoding="UTF-8"?>
<!-- Generated by org.testng.reporters.JUnitReportReporter -->
<testsuite hostname="MF-XBgzTBm3vQrK" failures="0" tests="6" name="qa.netiq.tests.PageTest3" time="2.876" errors="0" timestamp="2023-03-16T12:40:36 IST" skipped="0">
  <testcase classname="qa.netiq.tests.PageTest3" name="IndexManagementTest" time="0.449"/>
  <system-out/>
  <testcase classname="qa.netiq.tests.PageTest3" name="LDAPConfigurationTest" time="0.825"/>
  <system-out/>
  <testcase classname="qa.netiq.tests.PageTest3" name="CertificateManagementTest" time="0.666"/>
  <system-out/>
  <testcase classname="qa.netiq.tests.PageTest3" name="AuthenticationManagementTest" time="0.306"/>
  <system-out/>
  <testcase classname="qa.netiq.tests.PageTest3" name="SNMPTest" time="0.338"/>
  <system-out/>
  <testcase classname="qa.netiq.tests.PageTest3" name="EBAPageTest" time="0.292"/>
  <system-out/>
</testsuite> <!-- qa.netiq.tests.PageTest3 -->
