<?xml version="1.0" encoding="UTF-8"?>
<!-- Generated by org.testng.reporters.JUnitReportReporter -->
<testsuite hostname="MF-XBgzTBm3vQrK" failures="0" tests="1" name="qa.netiq.tests.SchemaPageTest" time="2.321" errors="0" timestamp="2023-03-12T22:24:15 IST" skipped="0">
  <testcase classname="qa.netiq.tests.SchemaPageTest" name="schemaPageTitleTest" time="2.321"/>
  <system-out/>
</testsuite> <!-- qa.netiq.tests.SchemaPageTest -->
