<?xml version="1.0" encoding="UTF-8"?>
<!-- Generated by org.testng.reporters.JUnitReportReporter -->
<testsuite hostname="MF-XBgzTBm3vQrK" failures="0" tests="7" name="qa.netiq.tests.PageTest" time="28.451" errors="0" timestamp="2023-03-14T12:34:51 IST" skipped="0">
  <testcase classname="qa.netiq.tests.PageTest" name="homePageTest" time="2.187"/>
  <system-out/>
  <testcase classname="qa.netiq.tests.PageTest" name="schemaPageTest" time="5.234"/>
  <system-out/>
  <testcase classname="qa.netiq.tests.PageTest" name="auditingPageTest" time="4.286"/>
  <system-out/>
  <testcase classname="qa.netiq.tests.PageTest" name="encryptedAttributesPageTest" time="4.200"/>
  <system-out/>
  <testcase classname="qa.netiq.tests.PageTest" name="encryptedReplicationPageTest" time="4.159"/>
  <system-out/>
  <testcase classname="qa.netiq.tests.PageTest" name="dnManagementPageTest" time="4.191"/>
  <system-out/>
  <testcase classname="qa.netiq.tests.PageTest" name="partitionManagementTest" time="4.194"/>
  <system-out/>
</testsuite> <!-- qa.netiq.tests.PageTest -->
