<?xml version="1.0" encoding="UTF-8"?>
<!-- Generated by org.testng.reporters.JUnitReportReporter -->
<testsuite hostname="MF-XA8PSb7RfHqZ" failures="0" tests="7" name="qa.netiq.tests.PageTest1" time="5.820" errors="0" timestamp="2023-03-16T09:38:18 IST" skipped="0">
  <testcase classname="qa.netiq.tests.PageTest1" name="homePage" time="0.799"/>
  <system-out/>
  <testcase classname="qa.netiq.tests.PageTest1" name="searchTest" time="1.102"/>
  <system-out/>
  <testcase classname="qa.netiq.tests.PageTest1" name="userManagementTest" time="0.747"/>
  <system-out/>
  <testcase classname="qa.netiq.tests.PageTest1" name="groupManagementTest" time="0.774"/>
  <system-out/>
  <testcase classname="qa.netiq.tests.PageTest1" name="objectManagementTest" time="0.969"/>
  <system-out/>
  <testcase classname="qa.netiq.tests.PageTest1" name="rightManagementTest" time="0.629"/>
  <system-out/>
  <testcase classname="qa.netiq.tests.PageTest1" name="treeViewTest" time="0.800"/>
  <system-out/>
</testsuite> <!-- qa.netiq.tests.PageTest1 -->
